<?xml version="1.0" encoding="utf-8"?>
<TestRun id="97819ed2-1bb5-40ca-88c7-10a972579a17" name="@Drews-MacBook-Pro 2024-09-24 15:49:48" xmlns="http://microsoft.com/schemas/VisualStudio/TeamTest/2010">
  <Times creation="2024-09-24T15:49:48.4111600-07:00" queuing="2024-09-24T15:49:48.4111600-07:00" start="2024-09-24T15:49:48.0825370-07:00" finish="2024-09-24T15:49:48.4113750-07:00" />
  <TestSettings name="default" id="f50901b2-9ab1-4339-8a23-54e290ec7f5b">
    <Deployment runDeploymentRoot="_Drews-MacBook-Pro_2024-09-24_15_49_48" />
  </TestSettings>
  <TestLists>
    <TestList name="Results Not in a List" id="8c84fa94-04c1-424b-9868-57a2d4851a1d" />
    <TestList name="All Loaded Results" id="19431567-8539-422a-85d7-44ee4e166bda" />
  </TestLists>
  <ResultSummary outcome="Completed">
    <Counters total="0" executed="0" passed="0" failed="0" error="0" timeout="0" aborted="0" inconclusive="0" passedButRunAborted="0" notRunnable="0" notExecuted="0" disconnected="0" warning="0" completed="0" inProgress="0" pending="0" />
    <Output>
      <StdOut>[xUnit.net 00:00:00.00] xUnit.net VSTest Adapter v2.8.2+699d445a1a (64-bit .NET 8.0.8)
[xUnit.net 00:00:00.02]   Discovering: MyCSharpApp
[xUnit.net 00:00:00.03]   Discovered:  MyCSharpApp
NUnit Adapter 4.6.0.0: Test execution started
Running all tests in /Users/drewfout/repl/C#/MyCSharpApp/bin/Debug/net8.0/MyCSharpApp.dll
   NUnit3TestExecutor discovered 0 of 0 NUnit test cases using Current Discovery mode, Explicit run
NUnit Adapter 4.6.0.0: Test execution complete
</StdOut>
    </Output>
    <RunInfos>
      <RunInfo computerName="Drews-MacBook-Pro" outcome="Warning" timestamp="2024-09-24T15:49:48.3717110-07:00">
        <Text>No test is available in /Users/drewfout/repl/C#/MyCSharpApp/bin/Debug/net8.0/MyCSharpApp.dll. Make sure that test discoverer &amp; executors are registered and platform &amp; framework version settings are appropriate and try again.</Text>
      </RunInfo>
    </RunInfos>
  </ResultSummary>
</TestRun>